2024-03-18T12:36:24.229+0100 [DEBUG] [org.gradle.launcher.daemon.bootstrap.DaemonMain] Assuming the daemon was started with following jvm opts: [--add-opens=java.base/java.util.concurrent.atomic=ALL-UNNAMED, -XX:MaxMetaspaceSize=384m, -XX:+HeapDumpOnOutOfMemoryError, --add-opens=java.base/java.util=ALL-UNNAMED, --add-opens=java.base/java.lang=ALL-UNNAMED, --add-opens=java.base/java.lang.invoke=ALL-UNNAMED, --add-opens=java.prefs/java.util.prefs=ALL-UNNAMED, --add-opens=java.base/java.nio.charset=ALL-UNNAMED, --add-opens=java.base/java.net=ALL-UNNAMED, --add-opens=java.base/java.util.concurrent.atomic=ALL-UNNAMED, -Xms256m, -Xmx512m, -Dfile.encoding=windows-1252, -Duser.country=FR, -Duser.language=fr, -Duser.variant]
2024-03-18T12:36:24.538+0100 [DEBUG] [org.gradle.internal.nativeintegration.services.NativeServices] Native-platform posix files integration is not available. Continuing with fallback.
2024-03-18T12:36:24.560+0100 [INFO] [org.gradle.launcher.daemon.server.Daemon] start() called on daemon - DefaultDaemonContext[uid=d613931f-24e0-439d-86fd-07f9a9e1de14,javaHome=C:\Users\eleguen2023\Documents\tools\java17,daemonRegistryDir=C:\Users\eleguen2023\Documents\works\BidProject\daemon,pid=9788,idleTimeout=10800000,priority=NORMAL,applyInstrumentationAgent=true,daemonOpts=--add-opens=java.base/java.util.concurrent.atomic=ALL-UNNAMED,-XX:MaxMetaspaceSize=384m,-XX:+HeapDumpOnOutOfMemoryError,--add-opens=java.base/java.util=ALL-UNNAMED,--add-opens=java.base/java.lang=ALL-UNNAMED,--add-opens=java.base/java.lang.invoke=ALL-UNNAMED,--add-opens=java.prefs/java.util.prefs=ALL-UNNAMED,--add-opens=java.base/java.nio.charset=ALL-UNNAMED,--add-opens=java.base/java.net=ALL-UNNAMED,--add-opens=java.base/java.util.concurrent.atomic=ALL-UNNAMED,-Xms256m,-Xmx512m,-Dfile.encoding=windows-1252,-Duser.country=FR,-Duser.language=fr,-Duser.variant]
2024-03-18T12:36:24.606+0100 [DEBUG] [org.gradle.internal.remote.internal.inet.InetAddresses] Adding IP addresses for network interface Software Loopback Interface 1
2024-03-18T12:36:24.606+0100 [DEBUG] [org.gradle.internal.remote.internal.inet.InetAddresses] Is this a loopback interface? true
2024-03-18T12:36:24.607+0100 [DEBUG] [org.gradle.internal.remote.internal.inet.InetAddresses] Adding loopback address /127.0.0.1
2024-03-18T12:36:24.607+0100 [DEBUG] [org.gradle.internal.remote.internal.inet.InetAddresses] Adding loopback address /0:0:0:0:0:0:0:1
2024-03-18T12:36:24.609+0100 [DEBUG] [org.gradle.internal.remote.internal.inet.InetAddresses] Adding IP addresses for network interface Microsoft 6to4 Adapter
2024-03-18T12:36:24.610+0100 [DEBUG] [org.gradle.internal.remote.internal.inet.InetAddresses] Is this a loopback interface? false
2024-03-18T12:36:24.610+0100 [DEBUG] [org.gradle.internal.remote.internal.inet.InetAddresses] Adding IP addresses for network interface Microsoft IP-HTTPS Platform Adapter
2024-03-18T12:36:24.612+0100 [DEBUG] [org.gradle.internal.remote.internal.inet.InetAddresses] Is this a loopback interface? false
2024-03-18T12:36:24.612+0100 [DEBUG] [org.gradle.internal.remote.internal.inet.InetAddresses] Adding IP addresses for network interface Microsoft Kernel Debug Network Adapter
2024-03-18T12:36:24.613+0100 [DEBUG] [org.gradle.internal.remote.internal.inet.InetAddresses] Is this a loopback interface? false
2024-03-18T12:36:24.613+0100 [DEBUG] [org.gradle.internal.remote.internal.inet.InetAddresses] Adding IP addresses for network interface Microsoft Teredo Tunneling Adapter
2024-03-18T12:36:24.614+0100 [DEBUG] [org.gradle.internal.remote.internal.inet.InetAddresses] Is this a loopback interface? false
2024-03-18T12:36:24.614+0100 [DEBUG] [org.gradle.internal.remote.internal.inet.InetAddresses] Adding IP addresses for network interface Realtek PCIe GbE Family Controller
2024-03-18T12:36:24.615+0100 [DEBUG] [org.gradle.internal.remote.internal.inet.InetAddresses] Is this a loopback interface? false
2024-03-18T12:36:24.615+0100 [DEBUG] [org.gradle.internal.remote.internal.inet.InetAddresses] Adding remote address /10.105.200.9
2024-03-18T12:36:24.615+0100 [DEBUG] [org.gradle.internal.remote.internal.inet.InetAddresses] Adding remote address /fe80:0:0:0:bd21:5b2c:8fd6:3670%eth1
2024-03-18T12:36:24.616+0100 [DEBUG] [org.gradle.internal.remote.internal.inet.InetAddresses] Adding IP addresses for network interface Realtek PCIe GbE Family Controller-WFP Native MAC Layer LightWeight Filter-0000
2024-03-18T12:36:24.616+0100 [DEBUG] [org.gradle.internal.remote.internal.inet.InetAddresses] Is this a loopback interface? false
2024-03-18T12:36:24.617+0100 [DEBUG] [org.gradle.internal.remote.internal.inet.InetAddresses] Adding IP addresses for network interface Realtek PCIe GbE Family Controller-QoS Packet Scheduler-0000
2024-03-18T12:36:24.617+0100 [DEBUG] [org.gradle.internal.remote.internal.inet.InetAddresses] Is this a loopback interface? false
2024-03-18T12:36:24.618+0100 [DEBUG] [org.gradle.internal.remote.internal.inet.InetAddresses] Adding IP addresses for network interface Realtek PCIe GbE Family Controller-WFP 802.3 MAC Layer LightWeight Filter-0000
2024-03-18T12:36:24.618+0100 [DEBUG] [org.gradle.internal.remote.internal.inet.InetAddresses] Is this a loopback interface? false
2024-03-18T12:36:24.622+0100 [DEBUG] [org.gradle.internal.remote.internal.inet.TcpIncomingConnector] Listening on [ab22c2b9-a0ed-4bd4-ae95-8a3c2152521b port:54603, addresses:[localhost/127.0.0.1]].
2024-03-18T12:36:24.637+0100 [DEBUG] [org.gradle.launcher.daemon.server.Daemon] Daemon starting at: Mon Mar 18 12:36:24 CET 2024, with address: [ab22c2b9-a0ed-4bd4-ae95-8a3c2152521b port:54603, addresses:[localhost/127.0.0.1]]
2024-03-18T12:36:24.640+0100 [INFO] [org.gradle.launcher.daemon.server.DaemonRegistryUpdater] Advertising the daemon address to the clients: [ab22c2b9-a0ed-4bd4-ae95-8a3c2152521b port:54603, addresses:[localhost/127.0.0.1]]
2024-03-18T12:36:24.640+0100 [DEBUG] [org.gradle.launcher.daemon.server.DaemonRegistryUpdater] Advertised daemon context: DefaultDaemonContext[uid=d613931f-24e0-439d-86fd-07f9a9e1de14,javaHome=C:\Users\eleguen2023\Documents\tools\java17,daemonRegistryDir=C:\Users\eleguen2023\Documents\works\BidProject\daemon,pid=9788,idleTimeout=10800000,priority=NORMAL,applyInstrumentationAgent=true,daemonOpts=--add-opens=java.base/java.util.concurrent.atomic=ALL-UNNAMED,-XX:MaxMetaspaceSize=384m,-XX:+HeapDumpOnOutOfMemoryError,--add-opens=java.base/java.util=ALL-UNNAMED,--add-opens=java.base/java.lang=ALL-UNNAMED,--add-opens=java.base/java.lang.invoke=ALL-UNNAMED,--add-opens=java.prefs/java.util.prefs=ALL-UNNAMED,--add-opens=java.base/java.nio.charset=ALL-UNNAMED,--add-opens=java.base/java.net=ALL-UNNAMED,--add-opens=java.base/java.util.concurrent.atomic=ALL-UNNAMED,-Xms256m,-Xmx512m,-Dfile.encoding=windows-1252,-Duser.country=FR,-Duser.language=fr,-Duser.variant]
2024-03-18T12:36:24.642+0100 [DEBUG] [org.gradle.launcher.daemon.registry.PersistentDaemonRegistry] Storing daemon address: [ab22c2b9-a0ed-4bd4-ae95-8a3c2152521b port:54603, addresses:[localhost/127.0.0.1]], context: DefaultDaemonContext[uid=d613931f-24e0-439d-86fd-07f9a9e1de14,javaHome=C:\Users\eleguen2023\Documents\tools\java17,daemonRegistryDir=C:\Users\eleguen2023\Documents\works\BidProject\daemon,pid=9788,idleTimeout=10800000,priority=NORMAL,applyInstrumentationAgent=true,daemonOpts=--add-opens=java.base/java.util.concurrent.atomic=ALL-UNNAMED,-XX:MaxMetaspaceSize=384m,-XX:+HeapDumpOnOutOfMemoryError,--add-opens=java.base/java.util=ALL-UNNAMED,--add-opens=java.base/java.lang=ALL-UNNAMED,--add-opens=java.base/java.lang.invoke=ALL-UNNAMED,--add-opens=java.prefs/java.util.prefs=ALL-UNNAMED,--add-opens=java.base/java.nio.charset=ALL-UNNAMED,--add-opens=java.base/java.net=ALL-UNNAMED,--add-opens=java.base/java.util.concurrent.atomic=ALL-UNNAMED,-Xms256m,-Xmx512m,-Dfile.encoding=windows-1252,-Duser.country=FR,-Duser.language=fr,-Duser.variant]
2024-03-18T12:36:24.657+0100 [DEBUG] [org.gradle.cache.internal.DefaultFileLockManager] Waiting to acquire exclusive lock on daemon addresses registry.
2024-03-18T12:36:24.661+0100 [DEBUG] [org.gradle.cache.internal.DefaultFileLockManager] Lock acquired on daemon addresses registry.
2024-03-18T12:36:24.668+0100 [DEBUG] [org.gradle.cache.internal.DefaultFileLockManager] Releasing lock on daemon addresses registry.
2024-03-18T12:36:24.669+0100 [LIFECYCLE] [org.gradle.launcher.daemon.server.Daemon] Daemon server started.
2024-03-18T12:36:24.671+0100 [DEBUG] [org.gradle.launcher.daemon.bootstrap.DaemonStartupCommunication] Completed writing the daemon greeting. Closing streams...
2024-03-18T12:36:24.675+0100 [DEBUG] [org.gradle.launcher.daemon.server.Daemon] stopOnExpiration() called on daemon
2024-03-18T12:36:24.675+0100 [DEBUG] [org.gradle.launcher.daemon.server.Daemon] awaitExpiration() called on daemon
2024-03-18T12:36:24.676+0100 [DEBUG] [org.gradle.launcher.daemon.server.DaemonStateCoordinator] daemon is running. Sleeping until state changes.
2024-03-18T12:36:24.686+0100 [DEBUG] [org.gradle.internal.remote.internal.inet.TcpIncomingConnector] Accepted connection from /127.0.0.1:54604 to /127.0.0.1:54603.
2024-03-18T12:36:24.785+0100 [DEBUG] [org.gradle.launcher.daemon.server.SynchronizedDispatchConnection] thread 22: received class org.gradle.launcher.daemon.protocol.Build
2024-03-18T12:36:24.786+0100 [DEBUG] [org.gradle.launcher.daemon.server.DefaultDaemonConnection] thread 22: Received non-IO message from client: Build{id=717a323a-f1e0-4fde-8737-b301f1cd748f, currentDir=C:\Users\eleguen2023\Documents\works\BidProject}
2024-03-18T12:36:24.786+0100 [INFO] [org.gradle.launcher.daemon.server.DefaultIncomingConnectionHandler] Received command: Build{id=717a323a-f1e0-4fde-8737-b301f1cd748f, currentDir=C:\Users\eleguen2023\Documents\works\BidProject}.
2024-03-18T12:36:24.786+0100 [DEBUG] [org.gradle.launcher.daemon.server.DefaultIncomingConnectionHandler] Starting executing command: Build{id=717a323a-f1e0-4fde-8737-b301f1cd748f, currentDir=C:\Users\eleguen2023\Documents\works\BidProject} with connection: socket connection from /127.0.0.1:54603 to /127.0.0.1:54604.
2024-03-18T12:36:24.789+0100 [DEBUG] [org.gradle.launcher.daemon.server.DaemonStateCoordinator] Command execution: started DaemonCommandExecution[command = Build{id=717a323a-f1e0-4fde-8737-b301f1cd748f, currentDir=C:\Users\eleguen2023\Documents\works\BidProject}, connection = DefaultDaemonConnection: socket connection from /127.0.0.1:54603 to /127.0.0.1:54604] after 0.0 minutes of idle
2024-03-18T12:36:24.789+0100 [INFO] [org.gradle.launcher.daemon.server.DaemonRegistryUpdater] Marking the daemon as busy, address: [ab22c2b9-a0ed-4bd4-ae95-8a3c2152521b port:54603, addresses:[localhost/127.0.0.1]]
2024-03-18T12:36:24.789+0100 [DEBUG] [org.gradle.launcher.daemon.registry.PersistentDaemonRegistry] Marking busy by address: [ab22c2b9-a0ed-4bd4-ae95-8a3c2152521b port:54603, addresses:[localhost/127.0.0.1]]
2024-03-18T12:36:24.790+0100 [DEBUG] [org.gradle.cache.internal.DefaultFileLockManager] Waiting to acquire exclusive lock on daemon addresses registry.
2024-03-18T12:36:24.797+0100 [DEBUG] [org.gradle.cache.internal.DefaultFileLockManager] Lock acquired on daemon addresses registry.
2024-03-18T12:36:24.799+0100 [DEBUG] [org.gradle.cache.internal.DefaultFileLockManager] Releasing lock on daemon addresses registry.
2024-03-18T12:36:24.799+0100 [DEBUG] [org.gradle.launcher.daemon.server.DaemonStateCoordinator] resetting idle timer
2024-03-18T12:36:24.800+0100 [DEBUG] [org.gradle.launcher.daemon.server.DaemonStateCoordinator] daemon is running. Sleeping until state changes.
2024-03-18T12:36:24.802+0100 [INFO] [org.gradle.launcher.daemon.server.exec.StartBuildOrRespondWithBusy] Daemon is about to start building Build{id=717a323a-f1e0-4fde-8737-b301f1cd748f, currentDir=C:\Users\eleguen2023\Documents\works\BidProject}. Dispatching build started information...
2024-03-18T12:36:24.803+0100 [DEBUG] [org.gradle.launcher.daemon.server.SynchronizedDispatchConnection] thread 24: dispatching org.gradle.launcher.daemon.protocol.BuildStarted@22297f0
2024-03-18T12:36:24.805+0100 [DEBUG] [org.gradle.launcher.daemon.server.exec.EstablishBuildEnvironment] Configuring env variables: [USERDOMAIN_ROAMINGPROFILE, LOCALAPPDATA, MSMPI_BIN, PROCESSOR_LEVEL, IJ_RESTARTER_LOG, USERDOMAIN, LOGONSERVER, JAVA_HOME, SESSIONNAME, ALLUSERSPROFILE, PROCESSOR_ARCHITECTURE, PSModulePath, SystemDrive, PT8HOME, APPDATA, USERNAME, USERDNSDOMAIN, ProgramFiles(x86), CommonProgramFiles, Path, PATHEXT, DriverData, OS, COMPUTERNAME, PROCESSOR_REVISION, CommonProgramW6432, ComSpec, ProgramData, ProgramW6432, TEMP, HOMEPATH, SystemRoot, PROCESSOR_IDENTIFIER, HOMEDRIVE, USERPROFILE, TMP, CommonProgramFiles(x86), ProgramFiles, PUBLIC, windir, NUMBER_OF_PROCESSORS, =::, IDEA_INITIAL_DIRECTORY, MSMPI_BENCHMARKS]
2024-03-18T12:36:24.813+0100 [DEBUG] [org.gradle.launcher.daemon.server.SynchronizedDispatchConnection] thread 22: received class org.gradle.launcher.daemon.protocol.CloseInput
2024-03-18T12:36:24.814+0100 [DEBUG] [org.gradle.launcher.daemon.server.DefaultDaemonConnection] thread 22: Received IO message from client: org.gradle.launcher.daemon.protocol.CloseInput@34582eba
2024-03-18T12:36:24.815+0100 [DEBUG] [org.gradle.launcher.daemon.server.exec.LogToClient] About to start relaying all logs to the client via the connection.
2024-03-18T12:36:24.816+0100 [INFO] [org.gradle.launcher.daemon.server.exec.LogToClient] The client will now receive all logging from the daemon (pid: 9788). The daemon log file: C:\Users\eleguen2023\Documents\works\BidProject\daemon\8.6\daemon-9788.out.log
2024-03-18T12:36:24.817+0100 [INFO] [org.gradle.launcher.daemon.server.exec.LogAndCheckHealth] Starting build in new daemon [memory: 512 MiB]
2024-03-18T12:36:24.824+0100 [DEBUG] [org.gradle.launcher.daemon.server.exec.ExecuteBuild] The daemon has started executing the build.
2024-03-18T12:36:24.824+0100 [DEBUG] [org.gradle.launcher.daemon.server.exec.ExecuteBuild] Executing build with daemon context: DefaultDaemonContext[uid=d613931f-24e0-439d-86fd-07f9a9e1de14,javaHome=C:\Users\eleguen2023\Documents\tools\java17,daemonRegistryDir=C:\Users\eleguen2023\Documents\works\BidProject\daemon,pid=9788,idleTimeout=10800000,priority=NORMAL,applyInstrumentationAgent=true,daemonOpts=--add-opens=java.base/java.util.concurrent.atomic=ALL-UNNAMED,-XX:MaxMetaspaceSize=384m,-XX:+HeapDumpOnOutOfMemoryError,--add-opens=java.base/java.util=ALL-UNNAMED,--add-opens=java.base/java.lang=ALL-UNNAMED,--add-opens=java.base/java.lang.invoke=ALL-UNNAMED,--add-opens=java.prefs/java.util.prefs=ALL-UNNAMED,--add-opens=java.base/java.nio.charset=ALL-UNNAMED,--add-opens=java.base/java.net=ALL-UNNAMED,--add-opens=java.base/java.util.concurrent.atomic=ALL-UNNAMED,-Xms256m,-Xmx512m,-Dfile.encoding=windows-1252,-Duser.country=FR,-Duser.language=fr,-Duser.variant]
2024-03-18T12:36:24.824+0100 [INFO] [org.gradle.launcher.daemon.server.exec.ForwardClientInput] Closing daemon's stdin at end of input.
2024-03-18T12:36:24.824+0100 [INFO] [org.gradle.launcher.daemon.server.exec.ForwardClientInput] The daemon will no longer process any standard input.

FAILURE: Build failed with an exception.

* What went wrong:
Could not build 'org.jetbrains.kotlin.idea.gradleTooling.model.noarg.NoArgModel' model. Build cancelled.

* Try:
> Run with --stacktrace option to get the stack trace.
> Run with --info or --debug option to get more log output.
> Run with --scan to get full insights.
> Get more help at https://help.gradle.org.

BUILD FAILED in 36s
2024-03-18T12:36:57.432+0100 [DEBUG] [org.gradle.launcher.daemon.server.exec.ExecuteBuild] The daemon has finished executing the build.
2024-03-18T12:36:57.442+0100 [DEBUG] [org.gradle.launcher.daemon.server.DaemonStateCoordinator] Cancel: daemon is busy, sleeping until state changes.
2024-03-18T12:36:57.442+0100 [DEBUG] [org.gradle.launcher.daemon.server.DaemonStateCoordinator] Command execution: finished waiting for DaemonCommandExecution[command = Build{id=717a323a-f1e0-4fde-8737-b301f1cd748f, currentDir=C:\Users\eleguen2023\Documents\works\BidProject}, connection = DefaultDaemonConnection: socket connection from /127.0.0.1:54603 to /127.0.0.1:54604]. Result org.gradle.launcher.daemon.server.DaemonStateCoordinator@4460adda with state Canceled
2024-03-18T12:36:57.442+0100 [DEBUG] [org.gradle.launcher.daemon.server.DaemonStateCoordinator] Command execution: completed DaemonCommandExecution[command = Build{id=717a323a-f1e0-4fde-8737-b301f1cd748f, currentDir=C:\Users\eleguen2023\Documents\works\BidProject}, connection = DefaultDaemonConnection: socket connection from /127.0.0.1:54603 to /127.0.0.1:54604]
2024-03-18T12:36:57.442+0100 [DEBUG] [org.gradle.launcher.daemon.server.DaemonStateCoordinator] resetting idle timer
2024-03-18T12:36:57.442+0100 [INFO] [org.gradle.launcher.daemon.server.DaemonRegistryUpdater] Marking the daemon as idle, address: [ab22c2b9-a0ed-4bd4-ae95-8a3c2152521b port:54603, addresses:[localhost/127.0.0.1]]
2024-03-18T12:36:57.442+0100 [DEBUG] [org.gradle.launcher.daemon.registry.PersistentDaemonRegistry] Marking busy by address: [ab22c2b9-a0ed-4bd4-ae95-8a3c2152521b port:54603, addresses:[localhost/127.0.0.1]]
2024-03-18T12:36:57.446+0100 [DEBUG] [org.gradle.cache.internal.DefaultFileLockManager] Waiting to acquire exclusive lock on daemon addresses registry.
2024-03-18T12:36:57.446+0100 [DEBUG] [org.gradle.cache.internal.DefaultFileLockManager] Lock acquired on daemon addresses registry.
2024-03-18T12:36:57.450+0100 [DEBUG] [org.gradle.cache.internal.DefaultFileLockManager] Releasing lock on daemon addresses registry.
2024-03-18T12:36:57.451+0100 [DEBUG] [org.gradle.launcher.daemon.server.exec.ReturnResult] Daemon is dispatching the build result: Success[value=org.gradle.launcher.exec.BuildActionResult@157d989c]
2024-03-18T12:36:57.451+0100 [DEBUG] [org.gradle.launcher.daemon.server.DaemonStateCoordinator] Cancel: daemon is idle now.
2024-03-18T12:36:57.451+0100 [DEBUG] [org.gradle.launcher.daemon.server.DaemonStateCoordinator] daemon is running. Sleeping until state changes.
2024-03-18T12:36:57.451+0100 [DEBUG] [org.gradle.launcher.daemon.server.SynchronizedDispatchConnection] thread 21: dispatching Success[value=org.gradle.launcher.exec.BuildActionResult@157d989c]
2024-03-18T12:36:57.453+0100 [DEBUG] [org.gradle.launcher.daemon.server.DefaultIncomingConnectionHandler] Finishing executing command: Build{id=717a323a-f1e0-4fde-8737-b301f1cd748f, currentDir=C:\Users\eleguen2023\Documents\works\BidProject}
2024-03-18T12:36:57.456+0100 [DEBUG] [org.gradle.launcher.daemon.server.SynchronizedDispatchConnection] thread 22: received class org.gradle.launcher.daemon.protocol.Finished
2024-03-18T12:36:57.457+0100 [DEBUG] [org.gradle.launcher.daemon.server.DefaultDaemonConnection] thread 22: Received non-IO message from client: org.gradle.launcher.daemon.protocol.Finished@7421ccf5
2024-03-18T12:36:57.457+0100 [DEBUG] [org.gradle.launcher.daemon.server.DefaultIncomingConnectionHandler] Received finished message: org.gradle.launcher.daemon.protocol.Finished@7421ccf5
2024-03-18T12:36:57.457+0100 [DEBUG] [org.gradle.launcher.daemon.server.SynchronizedDispatchConnection] thread 21: stopping connection
2024-03-18T12:36:57.457+0100 [DEBUG] [org.gradle.internal.remote.internal.inet.SocketConnection] Discarding EOFException: java.io.EOFException
2024-03-18T12:36:57.457+0100 [DEBUG] [org.gradle.launcher.daemon.server.SynchronizedDispatchConnection] thread 22: received null
2024-03-18T12:36:57.457+0100 [DEBUG] [org.gradle.launcher.daemon.server.DefaultDaemonConnection] thread 22: Received end-of-input from client.
2024-03-18T12:36:57.457+0100 [DEBUG] [org.gradle.launcher.daemon.server.SynchronizedDispatchConnection] thread 21: stopping connection
2024-03-18T12:37:04.679+0100 [DEBUG] [org.gradle.cache.internal.DefaultFileLockManager] Waiting to acquire shared lock on daemon addresses registry.
2024-03-18T12:37:04.679+0100 [DEBUG] [org.gradle.cache.internal.DefaultFileLockManager] Lock acquired on daemon addresses registry.
2024-03-18T12:37:04.683+0100 [DEBUG] [org.gradle.cache.internal.DefaultFileLockManager] Releasing lock on daemon addresses registry.
2024-03-18T12:37:04.684+0100 [DEBUG] [org.gradle.cache.internal.DefaultFileLockManager] Waiting to acquire shared lock on daemon addresses registry.
2024-03-18T12:37:04.684+0100 [DEBUG] [org.gradle.cache.internal.DefaultFileLockManager] Lock acquired on daemon addresses registry.
2024-03-18T12:37:04.684+0100 [DEBUG] [org.gradle.cache.internal.DefaultFileLockManager] Releasing lock on daemon addresses registry.
2024-03-18T12:37:11.151+0100 [DEBUG] [org.gradle.internal.remote.internal.inet.TcpIncomingConnector] Accepted connection from /127.0.0.1:54712 to /127.0.0.1:54603.
2024-03-18T12:37:11.153+0100 [DEBUG] [org.gradle.launcher.daemon.server.SynchronizedDispatchConnection] thread 184: received class org.gradle.launcher.daemon.protocol.StopWhenIdle
2024-03-18T12:37:11.153+0100 [DEBUG] [org.gradle.launcher.daemon.server.DefaultDaemonConnection] thread 184: Received non-IO message from client: StopWhenIdle[id=6f4f8977-ce84-4fd9-a568-e0de3e142a93]
2024-03-18T12:37:11.153+0100 [INFO] [org.gradle.launcher.daemon.server.DefaultIncomingConnectionHandler] Received command: StopWhenIdle[id=6f4f8977-ce84-4fd9-a568-e0de3e142a93].
2024-03-18T12:37:11.154+0100 [DEBUG] [org.gradle.launcher.daemon.server.DefaultIncomingConnectionHandler] Starting executing command: StopWhenIdle[id=6f4f8977-ce84-4fd9-a568-e0de3e142a93] with connection: socket connection from /127.0.0.1:54603 to /127.0.0.1:54712.
2024-03-18T12:37:11.154+0100 [DEBUG] [org.gradle.launcher.daemon.server.DaemonRegistryUpdater] Storing daemon stop event: stop command received
2024-03-18T12:37:11.154+0100 [DEBUG] [org.gradle.launcher.daemon.registry.PersistentDaemonRegistry] Storing daemon stop event with timestamp 1710761831154
2024-03-18T12:37:11.154+0100 [DEBUG] [org.gradle.cache.internal.DefaultFileLockManager] Waiting to acquire exclusive lock on daemon addresses registry.
2024-03-18T12:37:11.155+0100 [DEBUG] [org.gradle.cache.internal.DefaultFileLockManager] Lock acquired on daemon addresses registry.
2024-03-18T12:37:11.155+0100 [DEBUG] [org.gradle.cache.internal.DefaultFileLockManager] Releasing lock on daemon addresses registry.
2024-03-18T12:37:11.155+0100 [LIFECYCLE] [org.gradle.launcher.daemon.server.DaemonStateCoordinator] Daemon will be stopped at the end of the build stop command received
2024-03-18T12:37:11.155+0100 [DEBUG] [org.gradle.launcher.daemon.server.DaemonStateCoordinator] Marking daemon stopped due to stop command received. The daemon is running a build: false
2024-03-18T12:37:11.156+0100 [DEBUG] [org.gradle.launcher.daemon.server.SynchronizedDispatchConnection] thread 21: dispatching Success[value=null]
2024-03-18T12:37:11.156+0100 [DEBUG] [org.gradle.launcher.daemon.server.DaemonStateCoordinator] daemon has stopped.
2024-03-18T12:37:11.156+0100 [DEBUG] [org.gradle.launcher.daemon.server.DefaultIncomingConnectionHandler] Finishing executing command: StopWhenIdle[id=6f4f8977-ce84-4fd9-a568-e0de3e142a93]
2024-03-18T12:37:11.156+0100 [DEBUG] [org.gradle.launcher.daemon.server.Daemon] stop() called on daemon
2024-03-18T12:37:11.156+0100 [DEBUG] [org.gradle.launcher.daemon.server.SynchronizedDispatchConnection] thread 184: received class org.gradle.launcher.daemon.protocol.Finished
2024-03-18T12:37:11.156+0100 [INFO] [org.gradle.launcher.daemon.server.Daemon] Stop requested. Daemon is removing its presence from the registry...
2024-03-18T12:37:11.156+0100 [DEBUG] [org.gradle.launcher.daemon.server.DefaultDaemonConnection] thread 184: Received non-IO message from client: org.gradle.launcher.daemon.protocol.Finished@3ce2a2e2
2024-03-18T12:37:11.156+0100 [DEBUG] [org.gradle.launcher.daemon.server.DefaultIncomingConnectionHandler] Received finished message: org.gradle.launcher.daemon.protocol.Finished@3ce2a2e2
2024-03-18T12:37:11.156+0100 [DEBUG] [org.gradle.launcher.daemon.server.DaemonRegistryUpdater] Removing our presence to clients, eg. removing this address from the registry: [ab22c2b9-a0ed-4bd4-ae95-8a3c2152521b port:54603, addresses:[localhost/127.0.0.1]]
2024-03-18T12:37:11.156+0100 [DEBUG] [org.gradle.launcher.daemon.registry.PersistentDaemonRegistry] Removing daemon address: [ab22c2b9-a0ed-4bd4-ae95-8a3c2152521b port:54603, addresses:[localhost/127.0.0.1]]
2024-03-18T12:37:11.156+0100 [DEBUG] [org.gradle.internal.remote.internal.inet.SocketConnection] Discarding EOFException: java.io.EOFException
2024-03-18T12:37:11.156+0100 [DEBUG] [org.gradle.launcher.daemon.server.SynchronizedDispatchConnection] thread 184: received null
2024-03-18T12:37:11.156+0100 [DEBUG] [org.gradle.launcher.daemon.server.DefaultDaemonConnection] thread 184: Received end-of-input from client.
2024-03-18T12:37:11.156+0100 [DEBUG] [org.gradle.launcher.daemon.server.SynchronizedDispatchConnection] thread 21: stopping connection
2024-03-18T12:37:11.157+0100 [DEBUG] [org.gradle.launcher.daemon.server.SynchronizedDispatchConnection] thread 21: stopping connection
2024-03-18T12:37:11.160+0100 [DEBUG] [org.gradle.cache.internal.DefaultFileLockManager] Waiting to acquire exclusive lock on daemon addresses registry.
2024-03-18T12:37:11.161+0100 [DEBUG] [org.gradle.cache.internal.DefaultFileLockManager] Lock acquired on daemon addresses registry.
2024-03-18T12:37:11.165+0100 [DEBUG] [org.gradle.cache.internal.DefaultFileLockManager] Releasing lock on daemon addresses registry.
2024-03-18T12:37:11.166+0100 [DEBUG] [org.gradle.launcher.daemon.server.DaemonRegistryUpdater] Address removed from registry.
2024-03-18T12:37:11.167+0100 [DEBUG] [org.gradle.cache.internal.LockOnDemandCrossProcessCacheAccess] Releasing file lock for jars (C:\Users\eleguen2023\Documents\works\BidProject\caches\jars-9)
2024-03-18T12:37:11.168+0100 [DEBUG] [org.gradle.cache.internal.DefaultFileLockManager] Releasing lock on jars (C:\Users\eleguen2023\Documents\works\BidProject\caches\jars-9).
2024-03-18T12:37:11.169+0100 [DEBUG] [org.gradle.cache.internal.LockOnDemandCrossProcessCacheAccess] Releasing file lock for file content cache (C:\Users\eleguen2023\Documents\works\BidProject\caches\8.6\fileContent)
2024-03-18T12:37:11.169+0100 [DEBUG] [org.gradle.cache.internal.DefaultFileLockManager] Releasing lock on file content cache (C:\Users\eleguen2023\Documents\works\BidProject\caches\8.6\fileContent).
2024-03-18T12:37:11.169+0100 [DEBUG] [org.gradle.internal.watch.vfs.impl.WatchingVirtualFileSystem] Closing VFS, dropping state
2024-03-18T12:37:11.170+0100 [DEBUG] [org.gradle.internal.watch.registry.impl.DefaultFileWatcherRegistry] Finished listening to file system change events
2024-03-18T12:37:11.170+0100 [DEBUG] [org.gradle.cache.internal.DefaultCacheCoordinator] Cache Generated Gradle JARs cache (C:\Users\eleguen2023\Documents\works\BidProject\caches\8.6\generated-gradle-jars) was closed 0 times.
2024-03-18T12:37:11.171+0100 [DEBUG] [org.gradle.cache.internal.DefaultCacheCoordinator] Cache Artifact transforms cache (C:\Users\eleguen2023\Documents\works\BidProject\caches\transforms-4) was closed 0 times.
2024-03-18T12:37:11.171+0100 [DEBUG] [org.gradle.cache.internal.LockOnDemandCrossProcessCacheAccess] Releasing file lock for artifact cache (C:\Users\eleguen2023\Documents\works\BidProject\caches\modules-2)
2024-03-18T12:37:11.171+0100 [DEBUG] [org.gradle.cache.internal.btree.BTreePersistentIndexedCache] Closing cache resource-at-url.bin (C:\Users\eleguen2023\Documents\works\BidProject\caches\modules-2\metadata-2.106\resource-at-url.bin)
2024-03-18T12:37:11.171+0100 [DEBUG] [org.gradle.cache.internal.btree.BTreePersistentIndexedCache] Closing cache module-artifact.bin (C:\Users\eleguen2023\Documents\works\BidProject\caches\modules-2\metadata-2.106\module-artifact.bin)
2024-03-18T12:37:11.171+0100 [DEBUG] [org.gradle.cache.internal.btree.BTreePersistentIndexedCache] Closing cache module-metadata.bin (C:\Users\eleguen2023\Documents\works\BidProject\caches\modules-2\metadata-2.106\module-metadata.bin)
2024-03-18T12:37:11.171+0100 [DEBUG] [org.gradle.cache.internal.btree.BTreePersistentIndexedCache] Closing cache module-artifacts.bin (C:\Users\eleguen2023\Documents\works\BidProject\caches\modules-2\metadata-2.106\module-artifacts.bin)
2024-03-18T12:37:11.171+0100 [DEBUG] [org.gradle.cache.internal.DefaultFileLockManager] Releasing lock on artifact cache (C:\Users\eleguen2023\Documents\works\BidProject\caches\modules-2).
2024-03-18T12:37:11.173+0100 [DEBUG] [org.gradle.cache.internal.LockOnDemandCrossProcessCacheAccess] Releasing file lock for journal cache (C:\Users\eleguen2023\Documents\works\BidProject\caches\journal-1)
2024-03-18T12:37:11.173+0100 [DEBUG] [org.gradle.cache.internal.btree.BTreePersistentIndexedCache] Closing cache file-access.bin (C:\Users\eleguen2023\Documents\works\BidProject\caches\journal-1\file-access.bin)
2024-03-18T12:37:11.173+0100 [DEBUG] [org.gradle.cache.internal.DefaultFileLockManager] Releasing lock on journal cache (C:\Users\eleguen2023\Documents\works\BidProject\caches\journal-1).
2024-03-18T12:37:11.173+0100 [DEBUG] [org.gradle.cache.internal.LockOnDemandCrossProcessCacheAccess] Releasing file lock for file hash cache (C:\Users\eleguen2023\Documents\works\BidProject\caches\8.6\fileHashes)
2024-03-18T12:37:11.173+0100 [DEBUG] [org.gradle.cache.internal.btree.BTreePersistentIndexedCache] Closing cache fileHashes.bin (C:\Users\eleguen2023\Documents\works\BidProject\caches\8.6\fileHashes\fileHashes.bin)
2024-03-18T12:37:11.173+0100 [DEBUG] [org.gradle.cache.internal.btree.BTreePersistentIndexedCache] Closing cache resourceHashesCache.bin (C:\Users\eleguen2023\Documents\works\BidProject\caches\8.6\fileHashes\resourceHashesCache.bin)
2024-03-18T12:37:11.174+0100 [DEBUG] [org.gradle.cache.internal.DefaultFileLockManager] Releasing lock on file hash cache (C:\Users\eleguen2023\Documents\works\BidProject\caches\8.6\fileHashes).
2024-03-18T12:37:11.179+0100 [DEBUG] [org.gradle.cache.internal.VersionSpecificCacheCleanupAction] Processed version-specific caches at C:\Users\eleguen2023\Documents\works\BidProject\caches for cleanup in 0.004 secs
Daemon vm is shutting down... The daemon has exited normally or was terminated in response to a user interrupt.
2024-03-18T12:37:11.182+0100 [DEBUG] [org.gradle.launcher.daemon.registry.PersistentDaemonRegistry] Removing daemon address: [ab22c2b9-a0ed-4bd4-ae95-8a3c2152521b port:54603, addresses:[localhost/127.0.0.1]]
2024-03-18T12:37:11.186+0100 [DEBUG] [org.gradle.cache.internal.DefaultFileLockManager] Waiting to acquire exclusive lock on daemon addresses registry.
2024-03-18T12:37:11.187+0100 [DEBUG] [org.gradle.cache.internal.DefaultFileLockManager] Lock acquired on daemon addresses registry.
2024-03-18T12:37:11.191+0100 [DEBUG] [org.gradle.cache.internal.DefaultFileLockManager] Releasing lock on daemon addresses registry.
